<?xml version="1.0" encoding="UTF-8"?>
<!-- Generated by org.testng.reporters.JUnitReportReporter -->
<testsuite hostname="admins-MacBook-Pro.local" failures="0" tests="1" name="test_script.BaseTest" time="52.853" errors="0" timestamp="2025-02-19T23:25:59 IST" skipped="0">
  <testcase classname="test_script.BaseTest" name="ts1" time="52.853"/>
</testsuite> <!-- test_script.BaseTest -->
